09:57:56.732 [main] INFO  com.qa.opencart.testcases.LoginPageTest - TC05_Verify navigate to forgot password page from login page Test
09:57:56.736 [main] INFO  com.qa.opencart.testcases.LoginPageTest - navigate to forgot password page from login page
09:57:56.736 [main] INFO  com.qa.opencart.pages.LoginPage - click on forgot password link
09:57:59.362 [main] INFO  com.qa.opencart.testcases.LoginPageTest - Verify the login page Title
09:57:59.610 [main] INFO  com.qa.opencart.testcases.LoginPageTest - wait for the home page load
09:57:59.630 [main] INFO  com.qa.opencart.testcases.LoginPageTest - TC06_Verify empty credential login page Test
09:57:59.631 [main] INFO  com.qa.opencart.pages.LoginPage - type username in username field
09:58:01.890 [main] INFO  com.qa.opencart.pages.LoginPage - type password in password field
09:58:04.164 [main] INFO  com.qa.opencart.pages.LoginPage - click on login button
09:58:07.541 [main] INFO  com.qa.opencart.testcases.LoginPageTest - Verify the empty creds error message in login page
09:58:07.541 [main] INFO  com.qa.opencart.pages.LoginPage - fetching empty credentials error message
09:58:09.805 [main] INFO  com.qa.opencart.testcases.LoginPageTest - wait for the home page load
09:58:09.813 [main] INFO  com.qa.opencart.testcases.LoginPageTest - TC07_Verify valid credential login page Test
09:58:09.813 [main] INFO  com.qa.opencart.factory.WebDriverFactory - Create Object for Properties class
09:58:09.813 [main] INFO  com.qa.opencart.factory.WebDriverFactory - Read the properties file
09:58:09.814 [main] INFO  com.qa.opencart.factory.WebDriverFactory - Create Object for Properties class
09:58:09.814 [main] INFO  com.qa.opencart.factory.WebDriverFactory - Read the properties file
09:58:09.814 [main] INFO  com.qa.opencart.pages.LoginPage - type username in username field
09:58:12.136 [main] INFO  com.qa.opencart.pages.LoginPage - type password in password field
09:58:14.393 [main] INFO  com.qa.opencart.pages.LoginPage - click on login button
09:58:18.170 [main] INFO  com.qa.opencart.testcases.LoginPageTest - Verify the my account page title
09:58:18.185 [main] INFO  com.qa.opencart.utilities.WebDriverUtils - Title of the page is :: My Account
09:58:18.330 [main] INFO  com.qa.opencart.testcases.LoginPageTest - wait for the home page load
09:58:18.340 [main] INFO  com.qa.opencart.testcases.LoginPageTest - TC08_Verify logout from MyAccount Test
09:58:18.341 [main] INFO  com.qa.opencart.pages.MyAccountPage - click on my account menu link
09:58:20.614 [main] INFO  com.qa.opencart.utilities.WebDriverUtils - Element is displayed::[[ChromeDriver: chrome on windows (bde471268a5f9ea176abc9a95112c700)] -> link text: Logout]
09:58:20.614 [main] INFO  com.qa.opencart.pages.MyAccountPage - click on Logout link
09:58:23.541 [main] INFO  com.qa.opencart.testcases.LoginPageTest - Verify the my account page title
09:58:23.545 [main] INFO  com.qa.opencart.utilities.WebDriverUtils - Title of the page is :: Account Logout
09:58:23.545 [main] INFO  com.qa.opencart.pages.LogoutPage - click on NewCustomerContinueBtn
09:58:26.325 [main] INFO  com.qa.opencart.utilities.WebDriverUtils - Title of the page is :: Your Store
09:58:29.398 [main] INFO  com.qa.opencart.factory.TestBase - create object for WebDriverWait class
09:58:29.398 [main] INFO  com.qa.opencart.factory.WebDriverFactory - Create Object for Properties class
09:58:29.398 [main] INFO  com.qa.opencart.factory.WebDriverFactory - Read the properties file
09:58:29.399 [main] INFO  com.qa.opencart.factory.WebDriverFactory - Create Object for Properties class
09:58:29.399 [main] INFO  com.qa.opencart.factory.WebDriverFactory - Read the properties file
09:58:32.205 [main] INFO  com.qa.opencart.testcases.MyAccountPageTest - navigate to login page
09:58:37.013 [main] INFO  com.qa.opencart.factory.WebDriverFactory - Create Object for Properties class
09:58:37.013 [main] INFO  com.qa.opencart.factory.WebDriverFactory - Read the properties file
09:58:37.013 [main] INFO  com.qa.opencart.factory.WebDriverFactory - Create Object for Properties class
09:58:37.013 [main] INFO  com.qa.opencart.factory.WebDriverFactory - Read the properties file
09:58:37.013 [main] INFO  com.qa.opencart.pages.LoginPage - type username in username field
09:58:39.471 [main] INFO  com.qa.opencart.pages.LoginPage - type password in password field
09:58:41.785 [main] INFO  com.qa.opencart.pages.LoginPage - click on login button
09:58:45.610 [main] INFO  com.qa.opencart.testcases.MyAccountPageTest - Verify my account page title
09:58:45.625 [main] INFO  com.qa.opencart.utilities.WebDriverUtils - Title of the page is :: My Account
09:58:45.628 [main] INFO  com.qa.opencart.testcases.MyAccountPageTest - TC01_Verify my account page url test
09:58:45.635 [main] INFO  com.qa.opencart.utilities.WebDriverUtils - Current URL is :: https://tutorialsninja.com/demo/index.php?route=account/account
09:58:45.770 [main] INFO  com.qa.opencart.testcases.MyAccountPageTest - TC02_Verify the My account page title Test
09:58:45.774 [main] INFO  com.qa.opencart.utilities.WebDriverUtils - Title of the page is :: My Account
09:58:45.917 [main] INFO  com.qa.opencart.testcases.MyAccountPageTest - TC03_Verify myAccount page elements Test
09:58:45.955 [main] INFO  com.qa.opencart.utilities.WebDriverUtils - Element is displayed::[[ChromeDriver: chrome on windows (e3a8a1557cf41e46171453d619fbac02)] -> css selector: input[name='search']]
09:58:45.955 [main] INFO  com.qa.opencart.pages.MyAccountPage - click on my account menu link
09:58:48.179 [main] INFO  com.qa.opencart.utilities.WebDriverUtils - Element is displayed::[[ChromeDriver: chrome on windows (e3a8a1557cf41e46171453d619fbac02)] -> link text: Logout]
09:58:48.326 [main] INFO  com.qa.opencart.testcases.MyAccountPageTest - TC04_Verify MyAccount menu options present or not Test
09:58:48.326 [main] INFO  com.qa.opencart.testcases.MyAccountPageTest - Verifying the my account menu options
09:58:48.326 [main] INFO  com.qa.opencart.pages.MyAccountPage - click on my account menu link
09:58:50.650 [main] INFO  com.qa.opencart.testcases.MyAccountPageTest - TC05_Verify my account header options list Test
09:58:50.651 [main] INFO  com.qa.opencart.pages.MyAccountPage - click on my account menu link
09:58:52.923 [main] INFO  com.qa.opencart.testcases.MyAccountPageTest - TC06_Verify My Orders header options list Test
09:58:52.923 [main] INFO  com.qa.opencart.pages.MyAccountPage - click on my account menu link
09:58:55.187 [main] INFO  com.qa.opencart.testcases.MyAccountPageTest - TC08_Perform the product search Test
09:58:55.187 [main] INFO  com.qa.opencart.pages.MyAccountPage - searching for the product :Samsung
09:58:55.219 [main] INFO  com.qa.opencart.utilities.WebDriverUtils - Element is displayed::[[ChromeDriver: chrome on windows (e3a8a1557cf41e46171453d619fbac02)] -> css selector: input[name='search']]
09:58:55.219 [main] INFO  com.qa.opencart.pages.MyAccountPage - type product in search field
09:58:57.439 [main] INFO  com.qa.opencart.pages.MyAccountPage - click on search torch icon
09:59:01.038 [main] INFO  com.qa.opencart.testcases.MyAccountPageTest - Verify the results page title
09:59:01.047 [main] INFO  com.qa.opencart.utilities.WebDriverUtils - Title of the page is :: Search - Samsung
09:59:01.057 [main] INFO  com.qa.opencart.pages.ResultsPage - click on myaccountMenu link
09:59:03.185 [main] INFO  com.qa.opencart.pages.ResultsPage - click on myaccount option link
09:59:06.386 [main] INFO  com.qa.opencart.testcases.MyAccountPageTest - TC08_Perform the product search Test
09:59:06.387 [main] INFO  com.qa.opencart.pages.MyAccountPage - searching for the product :MacBook
09:59:06.465 [main] INFO  com.qa.opencart.utilities.WebDriverUtils - Element is displayed::[[ChromeDriver: chrome on windows (e3a8a1557cf41e46171453d619fbac02)] -> css selector: input[name='search']]
09:59:06.465 [main] INFO  com.qa.opencart.pages.MyAccountPage - type product in search field
09:59:08.704 [main] INFO  com.qa.opencart.pages.MyAccountPage - click on search torch icon
09:59:11.737 [main] INFO  com.qa.opencart.testcases.MyAccountPageTest - Verify the results page title
09:59:11.762 [main] INFO  com.qa.opencart.utilities.WebDriverUtils - Title of the page is :: Search - MacBook
09:59:11.769 [main] INFO  com.qa.opencart.pages.ResultsPage - click on myaccountMenu link
09:59:13.963 [main] INFO  com.qa.opencart.pages.ResultsPage - click on myaccount option link
09:59:16.691 [main] INFO  com.qa.opencart.testcases.MyAccountPageTest - TC08_Perform the product search Test
09:59:16.691 [main] INFO  com.qa.opencart.pages.MyAccountPage - searching for the product :iMac
09:59:16.748 [main] INFO  com.qa.opencart.utilities.WebDriverUtils - Element is displayed::[[ChromeDriver: chrome on windows (e3a8a1557cf41e46171453d619fbac02)] -> css selector: input[name='search']]
09:59:16.748 [main] INFO  com.qa.opencart.pages.MyAccountPage - type product in search field
09:59:18.939 [main] INFO  com.qa.opencart.pages.MyAccountPage - click on search torch icon
09:59:21.680 [main] INFO  com.qa.opencart.testcases.MyAccountPageTest - Verify the results page title
09:59:21.683 [main] INFO  com.qa.opencart.utilities.WebDriverUtils - Title of the page is :: Search - iMac
09:59:21.692 [main] INFO  com.qa.opencart.pages.ResultsPage - click on myaccountMenu link
09:59:23.822 [main] INFO  com.qa.opencart.pages.ResultsPage - click on myaccount option link
09:59:26.567 [main] INFO  com.qa.opencart.testcases.MyAccountPageTest - TC07_Verify any broken links in my account page Test
09:59:26.567 [main] INFO  com.qa.opencart.testcases.MyAccountPageTest - fetch all the links from myaccount page
10:01:47.204 [main] INFO  com.qa.opencart.testcases.MyAccountPageTest - TC09_Verify logout from MyAccount Test
10:01:47.204 [main] INFO  com.qa.opencart.pages.MyAccountPage - click on my account menu link
10:01:49.431 [main] INFO  com.qa.opencart.utilities.WebDriverUtils - Element is displayed::[[ChromeDriver: chrome on windows (e3a8a1557cf41e46171453d619fbac02)] -> link text: Logout]
10:01:49.432 [main] INFO  com.qa.opencart.pages.MyAccountPage - click on Logout link
10:01:52.294 [main] INFO  com.qa.opencart.testcases.MyAccountPageTest - Verify the my account page title
10:01:52.312 [main] INFO  com.qa.opencart.utilities.WebDriverUtils - Title of the page is :: Account Logout
10:01:52.312 [main] INFO  com.qa.opencart.pages.LogoutPage - click on NewCustomerContinueBtn
10:01:54.959 [main] INFO  com.qa.opencart.utilities.WebDriverUtils - Title of the page is :: Your Store
10:01:57.493 [main] INFO  com.qa.opencart.factory.TestBase - create object for WebDriverWait class
10:01:57.494 [main] INFO  com.qa.opencart.factory.WebDriverFactory - Create Object for Properties class
10:01:57.494 [main] INFO  com.qa.opencart.factory.WebDriverFactory - Read the properties file
10:01:57.495 [main] INFO  com.qa.opencart.factory.WebDriverFactory - Create Object for Properties class
10:01:57.495 [main] INFO  com.qa.opencart.factory.WebDriverFactory - Read the properties file
10:02:00.218 [main] INFO  com.qa.opencart.testcases.ProductDetailsPageTest - navigate to login page
10:02:04.987 [main] INFO  com.qa.opencart.factory.WebDriverFactory - Create Object for Properties class
10:02:04.987 [main] INFO  com.qa.opencart.factory.WebDriverFactory - Read the properties file
10:02:04.987 [main] INFO  com.qa.opencart.factory.WebDriverFactory - Create Object for Properties class
10:02:04.987 [main] INFO  com.qa.opencart.factory.WebDriverFactory - Read the properties file
10:02:04.987 [main] INFO  com.qa.opencart.pages.LoginPage - type username in username field
10:02:07.390 [main] INFO  com.qa.opencart.pages.LoginPage - type password in password field
10:02:09.667 [main] INFO  com.qa.opencart.pages.LoginPage - click on login button
10:02:15.288 [main] INFO  com.qa.opencart.testcases.ProductDetailsPageTest - Verify my account page title
10:02:15.318 [main] INFO  com.qa.opencart.utilities.WebDriverUtils - Title of the page is :: My Account
10:02:15.324 [main] INFO  com.qa.opencart.testcases.ProductDetailsPageTest - TC09_Verify logout from MyAccount Test
10:02:15.324 [main] INFO  com.qa.opencart.pages.MyAccountPage - click on my account menu link
10:02:17.580 [main] INFO  com.qa.opencart.utilities.WebDriverUtils - Element is displayed::[[ChromeDriver: chrome on windows (2d2d26fa37ac28ffc2b02d75ea821744)] -> link text: Logout]
10:02:17.580 [main] INFO  com.qa.opencart.pages.MyAccountPage - click on Logout link
10:02:20.535 [main] INFO  com.qa.opencart.testcases.ProductDetailsPageTest - Verify the my account page title
10:02:20.551 [main] INFO  com.qa.opencart.utilities.WebDriverUtils - Title of the page is :: Account Logout
10:02:20.551 [main] INFO  com.qa.opencart.pages.LogoutPage - click on NewCustomerContinueBtn
10:02:23.234 [main] INFO  com.qa.opencart.utilities.WebDriverUtils - Title of the page is :: Your Store
10:02:23.453 [main] INFO  com.qa.opencart.testcases.ProductDetailsPageTest - TC01_Perform the product search Test
10:02:23.453 [main] INFO  com.qa.opencart.pages.MyAccountPage - searching for the product :Samsung
10:02:23.528 [main] INFO  com.qa.opencart.utilities.WebDriverUtils - Element is displayed::[[ChromeDriver: chrome on windows (2d2d26fa37ac28ffc2b02d75ea821744)] -> css selector: input[name='search']]
10:02:23.529 [main] INFO  com.qa.opencart.pages.MyAccountPage - type product in search field
10:02:25.728 [main] INFO  com.qa.opencart.pages.MyAccountPage - click on search torch icon
10:02:29.319 [main] INFO  com.qa.opencart.testcases.ProductDetailsPageTest - Verify the results page title
10:02:29.326 [main] INFO  com.qa.opencart.utilities.WebDriverUtils - Title of the page is :: Search - Samsung
10:02:29.368 [main] INFO  com.qa.opencart.pages.ResultsPage - selecting the desired product :Samsung SyncMaster 941BW
10:02:39.703 [main] INFO  com.qa.opencart.pages.ResultsPage - click on myaccountMenu link
10:02:41.816 [main] INFO  com.qa.opencart.pages.ResultsPage - click on myaccount option link
10:02:44.934 [main] INFO  com.qa.opencart.testcases.ProductDetailsPageTest - TC01_Perform the product search Test
10:02:44.934 [main] INFO  com.qa.opencart.pages.MyAccountPage - searching for the product :MacBook
10:02:44.988 [main] INFO  com.qa.opencart.utilities.WebDriverUtils - Element is displayed::[[ChromeDriver: chrome on windows (2d2d26fa37ac28ffc2b02d75ea821744)] -> css selector: input[name='search']]
10:02:44.988 [main] INFO  com.qa.opencart.pages.MyAccountPage - type product in search field
10:02:47.214 [main] INFO  com.qa.opencart.pages.MyAccountPage - click on search torch icon
10:02:50.994 [main] INFO  com.qa.opencart.testcases.ProductDetailsPageTest - Verify the results page title
10:02:50.999 [main] INFO  com.qa.opencart.utilities.WebDriverUtils - Title of the page is :: Search - MacBook
10:02:51.017 [main] INFO  com.qa.opencart.pages.ResultsPage - selecting the desired product :MacBook Air
10:03:00.816 [main] INFO  com.qa.opencart.pages.ResultsPage - click on myaccountMenu link
10:03:02.948 [main] INFO  com.qa.opencart.pages.ResultsPage - click on myaccount option link
10:03:06.126 [main] INFO  com.qa.opencart.testcases.ProductDetailsPageTest - TC01_Perform the product search Test
10:03:06.126 [main] INFO  com.qa.opencart.pages.MyAccountPage - searching for the product :iMac
10:03:06.189 [main] INFO  com.qa.opencart.utilities.WebDriverUtils - Element is displayed::[[ChromeDriver: chrome on windows (2d2d26fa37ac28ffc2b02d75ea821744)] -> css selector: input[name='search']]
10:03:06.189 [main] INFO  com.qa.opencart.pages.MyAccountPage - type product in search field
10:03:08.403 [main] INFO  com.qa.opencart.pages.MyAccountPage - click on search torch icon
10:03:11.862 [main] INFO  com.qa.opencart.testcases.ProductDetailsPageTest - Verify the results page title
10:03:11.886 [main] INFO  com.qa.opencart.utilities.WebDriverUtils - Title of the page is :: Search - iMac
10:03:11.894 [main] INFO  com.qa.opencart.pages.ResultsPage - selecting the desired product :iMac
10:03:21.744 [main] INFO  com.qa.opencart.pages.ResultsPage - click on myaccountMenu link
10:03:23.871 [main] INFO  com.qa.opencart.pages.ResultsPage - click on myaccount option link
10:03:27.107 [main] INFO  com.qa.opencart.testcases.ProductDetailsPageTest - TC01_Perform the product search Test
10:03:27.107 [main] INFO  com.qa.opencart.pages.MyAccountPage - searching for the product :Apple
10:03:27.166 [main] INFO  com.qa.opencart.utilities.WebDriverUtils - Element is displayed::[[ChromeDriver: chrome on windows (2d2d26fa37ac28ffc2b02d75ea821744)] -> css selector: input[name='search']]
10:03:27.166 [main] INFO  com.qa.opencart.pages.MyAccountPage - type product in search field
10:03:29.363 [main] INFO  com.qa.opencart.pages.MyAccountPage - click on search torch icon
10:03:32.845 [main] INFO  com.qa.opencart.testcases.ProductDetailsPageTest - Verify the results page title
10:03:32.853 [main] INFO  com.qa.opencart.utilities.WebDriverUtils - Title of the page is :: Search - Apple
10:03:32.867 [main] INFO  com.qa.opencart.pages.ResultsPage - selecting the desired product :Apple Cinema 30"
10:03:42.712 [main] INFO  com.qa.opencart.pages.ResultsPage - click on myaccountMenu link
10:03:44.938 [main] INFO  com.qa.opencart.pages.ResultsPage - click on myaccount option link
10:03:47.970 [main] INFO  com.qa.opencart.testcases.ProductDetailsPageTest - TC02_Verify product metadata Test
10:03:47.970 [main] INFO  com.qa.opencart.pages.MyAccountPage - searching for the product :MacBook
10:03:48.046 [main] INFO  com.qa.opencart.utilities.WebDriverUtils - Element is displayed::[[ChromeDriver: chrome on windows (2d2d26fa37ac28ffc2b02d75ea821744)] -> css selector: input[name='search']]
10:03:48.046 [main] INFO  com.qa.opencart.pages.MyAccountPage - type product in search field
10:03:50.305 [main] INFO  com.qa.opencart.pages.MyAccountPage - click on search torch icon
10:03:53.444 [main] INFO  com.qa.opencart.testcases.ProductDetailsPageTest - Verify the results page title
10:03:53.450 [main] INFO  com.qa.opencart.utilities.WebDriverUtils - Title of the page is :: Search - MacBook
10:03:53.469 [main] INFO  com.qa.opencart.pages.ResultsPage - selecting the desired product :MacBook Pro
10:04:03.369 [main] INFO  com.qa.opencart.pages.ProductDetailsPage - Product mete data count is:4
10:04:03.397 [main] INFO  com.qa.opencart.pages.ProductDetailsPage - split the metatext based on :
10:04:03.397 [main] INFO  com.qa.opencart.pages.ProductDetailsPage - fetch meta key and value
10:04:03.397 [main] INFO  com.qa.opencart.pages.ProductDetailsPage - Store meta key and value in the map
10:04:03.404 [main] INFO  com.qa.opencart.pages.ProductDetailsPage - split the metatext based on :
10:04:03.405 [main] INFO  com.qa.opencart.pages.ProductDetailsPage - fetch meta key and value
10:04:03.405 [main] INFO  com.qa.opencart.pages.ProductDetailsPage - Store meta key and value in the map
10:04:03.418 [main] INFO  com.qa.opencart.pages.ProductDetailsPage - split the metatext based on :
10:04:03.419 [main] INFO  com.qa.opencart.pages.ProductDetailsPage - fetch meta key and value
10:04:03.419 [main] INFO  com.qa.opencart.pages.ProductDetailsPage - Store meta key and value in the map
10:04:03.430 [main] INFO  com.qa.opencart.pages.ProductDetailsPage - split the metatext based on :
10:04:03.431 [main] INFO  com.qa.opencart.pages.ProductDetailsPage - fetch meta key and value
10:04:03.431 [main] INFO  com.qa.opencart.pages.ProductDetailsPage - Store meta key and value in the map
10:04:03.440 [main] INFO  com.qa.opencart.pages.ProductDetailsPage - Product meta price count is:2
10:04:03.470 [main] INFO  com.qa.opencart.pages.ProductDetailsPage - Store the price values in the map
10:04:03.471 [main] INFO  com.qa.opencart.pages.ResultsPage - click on myaccountMenu link
10:04:05.634 [main] INFO  com.qa.opencart.pages.ResultsPage - click on myaccount option link
10:04:32.916 [main] INFO  com.qa.opencart.factory.TestBase - create object for WebDriverWait class
10:04:32.954 [main] INFO  com.qa.opencart.factory.WebDriverFactory - Create Object for Properties class
10:04:32.954 [main] INFO  com.qa.opencart.factory.WebDriverFactory - Read the properties file
10:04:32.955 [main] INFO  com.qa.opencart.factory.WebDriverFactory - Create Object for Properties class
10:04:32.955 [main] INFO  com.qa.opencart.factory.WebDriverFactory - Read the properties file
10:04:36.128 [main] INFO  com.qa.opencart.testcases.ProductDetailsPageTest - navigate to login page
10:04:40.938 [main] INFO  com.qa.opencart.factory.WebDriverFactory - Create Object for Properties class
10:04:40.938 [main] INFO  com.qa.opencart.factory.WebDriverFactory - Read the properties file
10:04:40.939 [main] INFO  com.qa.opencart.factory.WebDriverFactory - Create Object for Properties class
10:04:40.939 [main] INFO  com.qa.opencart.factory.WebDriverFactory - Read the properties file
10:04:40.939 [main] INFO  com.qa.opencart.pages.LoginPage - type username in username field
10:04:43.248 [main] INFO  com.qa.opencart.pages.LoginPage - type password in password field
10:04:45.550 [main] INFO  com.qa.opencart.pages.LoginPage - click on login button
10:04:49.635 [main] INFO  com.qa.opencart.testcases.ProductDetailsPageTest - Verify my account page title
10:04:49.643 [main] INFO  com.qa.opencart.utilities.WebDriverUtils - Title of the page is :: My Account
10:04:49.706 [main] INFO  com.qa.opencart.testcases.ProductDetailsPageTest - TC01_Perform the product search Test
10:04:49.706 [main] INFO  com.qa.opencart.pages.MyAccountPage - searching for the product :MacBook
10:04:49.796 [main] INFO  com.qa.opencart.utilities.WebDriverUtils - Element is displayed::[[ChromeDriver: chrome on windows (11f63a4febba9b70c49235c5fc90423a)] -> css selector: input[name='search']]
10:04:49.799 [main] INFO  com.qa.opencart.pages.MyAccountPage - type product in search field
10:04:52.097 [main] INFO  com.qa.opencart.pages.MyAccountPage - click on search torch icon
10:04:56.189 [main] INFO  com.qa.opencart.testcases.ProductDetailsPageTest - Verify the results page title
10:04:56.202 [main] INFO  com.qa.opencart.utilities.WebDriverUtils - Title of the page is :: Search - MacBook
10:04:56.233 [main] INFO  com.qa.opencart.pages.ResultsPage - selecting the desired product :MacBook Air
10:05:08.666 [main] INFO  com.qa.opencart.pages.ResultsPage - click on myaccountMenu link
10:05:10.822 [main] INFO  com.qa.opencart.pages.ResultsPage - click on myaccount option link
10:05:13.559 [main] INFO  com.qa.opencart.testcases.ProductDetailsPageTest - TC01_Perform the product search Test
10:05:13.559 [main] INFO  com.qa.opencart.pages.MyAccountPage - searching for the product :iMac
10:05:13.613 [main] INFO  com.qa.opencart.utilities.WebDriverUtils - Element is displayed::[[ChromeDriver: chrome on windows (11f63a4febba9b70c49235c5fc90423a)] -> css selector: input[name='search']]
10:05:13.613 [main] INFO  com.qa.opencart.pages.MyAccountPage - type product in search field
10:05:15.825 [main] INFO  com.qa.opencart.pages.MyAccountPage - click on search torch icon
10:05:18.738 [main] INFO  com.qa.opencart.testcases.ProductDetailsPageTest - Verify the results page title
10:05:18.750 [main] INFO  com.qa.opencart.utilities.WebDriverUtils - Title of the page is :: Search - iMac
10:05:18.761 [main] INFO  com.qa.opencart.pages.ResultsPage - selecting the desired product :iMac
10:05:28.704 [main] INFO  com.qa.opencart.pages.ResultsPage - click on myaccountMenu link
10:05:30.842 [main] INFO  com.qa.opencart.pages.ResultsPage - click on myaccount option link
10:05:33.507 [main] INFO  com.qa.opencart.testcases.ProductDetailsPageTest - TC01_Perform the product search Test
10:05:33.507 [main] INFO  com.qa.opencart.pages.MyAccountPage - searching for the product :Apple
10:05:33.570 [main] INFO  com.qa.opencart.utilities.WebDriverUtils - Element is displayed::[[ChromeDriver: chrome on windows (11f63a4febba9b70c49235c5fc90423a)] -> css selector: input[name='search']]
10:05:33.570 [main] INFO  com.qa.opencart.pages.MyAccountPage - type product in search field
10:05:35.899 [main] INFO  com.qa.opencart.pages.MyAccountPage - click on search torch icon
10:05:38.750 [main] INFO  com.qa.opencart.testcases.ProductDetailsPageTest - Verify the results page title
10:05:38.754 [main] INFO  com.qa.opencart.utilities.WebDriverUtils - Title of the page is :: Search - Apple
10:05:38.763 [main] INFO  com.qa.opencart.pages.ResultsPage - selecting the desired product :Apple Cinema 30"
10:05:48.626 [main] INFO  com.qa.opencart.pages.ResultsPage - click on myaccountMenu link
10:05:50.819 [main] INFO  com.qa.opencart.pages.ResultsPage - click on myaccount option link
10:05:53.423 [main] INFO  com.qa.opencart.testcases.ProductDetailsPageTest - TC02_Verify product metadata Test
10:05:53.423 [main] INFO  com.qa.opencart.pages.MyAccountPage - searching for the product :MacBook
10:05:53.484 [main] INFO  com.qa.opencart.utilities.WebDriverUtils - Element is displayed::[[ChromeDriver: chrome on windows (11f63a4febba9b70c49235c5fc90423a)] -> css selector: input[name='search']]
10:05:53.484 [main] INFO  com.qa.opencart.pages.MyAccountPage - type product in search field
10:05:55.706 [main] INFO  com.qa.opencart.pages.MyAccountPage - click on search torch icon
10:05:58.330 [main] INFO  com.qa.opencart.testcases.ProductDetailsPageTest - Verify the results page title
10:05:58.340 [main] INFO  com.qa.opencart.utilities.WebDriverUtils - Title of the page is :: Search - MacBook
10:05:58.367 [main] INFO  com.qa.opencart.pages.ResultsPage - selecting the desired product :MacBook Pro
10:06:08.335 [main] INFO  com.qa.opencart.pages.ProductDetailsPage - Product mete data count is:4
10:06:08.358 [main] INFO  com.qa.opencart.pages.ProductDetailsPage - split the metatext based on :
10:06:08.358 [main] INFO  com.qa.opencart.pages.ProductDetailsPage - fetch meta key and value
10:06:08.358 [main] INFO  com.qa.opencart.pages.ProductDetailsPage - Store meta key and value in the map
10:06:08.365 [main] INFO  com.qa.opencart.pages.ProductDetailsPage - split the metatext based on :
10:06:08.365 [main] INFO  com.qa.opencart.pages.ProductDetailsPage - fetch meta key and value
10:06:08.365 [main] INFO  com.qa.opencart.pages.ProductDetailsPage - Store meta key and value in the map
10:06:08.374 [main] INFO  com.qa.opencart.pages.ProductDetailsPage - split the metatext based on :
10:06:08.375 [main] INFO  com.qa.opencart.pages.ProductDetailsPage - fetch meta key and value
10:06:08.375 [main] INFO  com.qa.opencart.pages.ProductDetailsPage - Store meta key and value in the map
10:06:08.384 [main] INFO  com.qa.opencart.pages.ProductDetailsPage - split the metatext based on :
10:06:08.385 [main] INFO  com.qa.opencart.pages.ProductDetailsPage - fetch meta key and value
10:06:08.385 [main] INFO  com.qa.opencart.pages.ProductDetailsPage - Store meta key and value in the map
10:06:08.394 [main] INFO  com.qa.opencart.pages.ProductDetailsPage - Product meta price count is:2
10:06:08.432 [main] INFO  com.qa.opencart.pages.ProductDetailsPage - Store the price values in the map
10:06:08.432 [main] INFO  com.qa.opencart.pages.ResultsPage - click on myaccountMenu link
10:06:10.563 [main] INFO  com.qa.opencart.pages.ResultsPage - click on myaccount option link
10:08:24.171 [main] INFO  com.qa.opencart.factory.TestBase - create object for WebDriverWait class
10:08:24.203 [main] INFO  com.qa.opencart.factory.WebDriverFactory - Create Object for Properties class
10:08:24.204 [main] INFO  com.qa.opencart.factory.WebDriverFactory - Read the properties file
10:08:24.207 [main] INFO  com.qa.opencart.factory.WebDriverFactory - Create Object for Properties class
10:08:24.207 [main] INFO  com.qa.opencart.factory.WebDriverFactory - Read the properties file
10:08:31.833 [main] INFO  com.qa.opencart.testcases.ProductDetailsPageTest - navigate to login page
10:08:36.694 [main] INFO  com.qa.opencart.factory.WebDriverFactory - Create Object for Properties class
10:08:36.695 [main] INFO  com.qa.opencart.factory.WebDriverFactory - Read the properties file
10:08:36.695 [main] INFO  com.qa.opencart.factory.WebDriverFactory - Create Object for Properties class
10:08:36.696 [main] INFO  com.qa.opencart.factory.WebDriverFactory - Read the properties file
10:08:36.696 [main] INFO  com.qa.opencart.pages.LoginPage - type username in username field
10:08:39.102 [main] INFO  com.qa.opencart.pages.LoginPage - type password in password field
10:08:41.360 [main] INFO  com.qa.opencart.pages.LoginPage - click on login button
10:08:44.747 [main] INFO  com.qa.opencart.testcases.ProductDetailsPageTest - Verify my account page title
10:08:44.754 [main] INFO  com.qa.opencart.utilities.WebDriverUtils - Title of the page is :: My Account
10:08:44.823 [main] INFO  com.qa.opencart.testcases.ProductDetailsPageTest - TC01_Perform the product search Test
10:08:44.823 [main] INFO  com.qa.opencart.pages.MyAccountPage - searching for the product :MacBook
10:08:44.914 [main] INFO  com.qa.opencart.utilities.WebDriverUtils - Element is displayed::[[ChromeDriver: chrome on windows (44addb3644bfb0ac2f0c4f51d0dc1377)] -> css selector: input[name='search']]
10:08:44.914 [main] INFO  com.qa.opencart.pages.MyAccountPage - type product in search field
10:08:47.195 [main] INFO  com.qa.opencart.pages.MyAccountPage - click on search torch icon
10:08:50.286 [main] INFO  com.qa.opencart.testcases.ProductDetailsPageTest - Verify the results page title
10:08:50.312 [main] INFO  com.qa.opencart.pages.ResultsPage - selecting the desired product :MacBook Air
10:09:01.087 [main] INFO  com.qa.opencart.pages.ResultsPage - click on myaccountMenu link
10:09:03.222 [main] INFO  com.qa.opencart.pages.ResultsPage - click on myaccount option link
10:09:06.007 [main] INFO  com.qa.opencart.testcases.ProductDetailsPageTest - TC01_Perform the product search Test
10:09:06.008 [main] INFO  com.qa.opencart.pages.MyAccountPage - searching for the product :iMac
10:09:06.071 [main] INFO  com.qa.opencart.utilities.WebDriverUtils - Element is displayed::[[ChromeDriver: chrome on windows (44addb3644bfb0ac2f0c4f51d0dc1377)] -> css selector: input[name='search']]
10:09:06.072 [main] INFO  com.qa.opencart.pages.MyAccountPage - type product in search field
10:09:08.302 [main] INFO  com.qa.opencart.pages.MyAccountPage - click on search torch icon
10:09:11.080 [main] INFO  com.qa.opencart.testcases.ProductDetailsPageTest - Verify the results page title
10:09:11.089 [main] INFO  com.qa.opencart.pages.ResultsPage - selecting the desired product :iMac
10:09:20.887 [main] INFO  com.qa.opencart.pages.ResultsPage - click on myaccountMenu link
10:09:22.993 [main] INFO  com.qa.opencart.pages.ResultsPage - click on myaccount option link
10:09:25.593 [main] INFO  com.qa.opencart.testcases.ProductDetailsPageTest - TC01_Perform the product search Test
10:09:25.593 [main] INFO  com.qa.opencart.pages.MyAccountPage - searching for the product :Apple
10:09:25.670 [main] INFO  com.qa.opencart.utilities.WebDriverUtils - Element is displayed::[[ChromeDriver: chrome on windows (44addb3644bfb0ac2f0c4f51d0dc1377)] -> css selector: input[name='search']]
10:09:25.670 [main] INFO  com.qa.opencart.pages.MyAccountPage - type product in search field
10:09:27.905 [main] INFO  com.qa.opencart.pages.MyAccountPage - click on search torch icon
10:09:30.754 [main] INFO  com.qa.opencart.testcases.ProductDetailsPageTest - Verify the results page title
10:09:30.764 [main] INFO  com.qa.opencart.pages.ResultsPage - selecting the desired product :Apple Cinema 30"
10:09:40.612 [main] INFO  com.qa.opencart.pages.ResultsPage - click on myaccountMenu link
10:09:42.794 [main] INFO  com.qa.opencart.pages.ResultsPage - click on myaccount option link
10:10:30.428 [main] INFO  com.qa.opencart.factory.TestBase - create object for WebDriverWait class
10:10:30.446 [main] INFO  com.qa.opencart.factory.WebDriverFactory - Create Object for Properties class
10:10:30.448 [main] INFO  com.qa.opencart.factory.WebDriverFactory - Read the properties file
10:10:30.454 [main] INFO  com.qa.opencart.factory.WebDriverFactory - Create Object for Properties class
10:10:30.455 [main] INFO  com.qa.opencart.factory.WebDriverFactory - Read the properties file
10:10:33.400 [main] INFO  com.qa.opencart.testcases.ProductDetailsPageTest - navigate to login page
10:10:38.257 [main] INFO  com.qa.opencart.factory.WebDriverFactory - Create Object for Properties class
10:10:38.257 [main] INFO  com.qa.opencart.factory.WebDriverFactory - Read the properties file
10:10:38.258 [main] INFO  com.qa.opencart.factory.WebDriverFactory - Create Object for Properties class
10:10:38.258 [main] INFO  com.qa.opencart.factory.WebDriverFactory - Read the properties file
10:10:38.258 [main] INFO  com.qa.opencart.pages.LoginPage - type username in username field
10:10:40.622 [main] INFO  com.qa.opencart.pages.LoginPage - type password in password field
10:10:42.931 [main] INFO  com.qa.opencart.pages.LoginPage - click on login button
10:10:46.410 [main] INFO  com.qa.opencart.testcases.ProductDetailsPageTest - Verify my account page title
10:10:46.422 [main] INFO  com.qa.opencart.utilities.WebDriverUtils - Title of the page is :: My Account
10:10:46.486 [main] INFO  com.qa.opencart.testcases.ProductDetailsPageTest - TC01_Perform the product search Test
10:10:46.486 [main] INFO  com.qa.opencart.pages.MyAccountPage - searching for the product :Samsung
10:10:46.568 [main] INFO  com.qa.opencart.utilities.WebDriverUtils - Element is displayed::[[ChromeDriver: chrome on windows (48b0141bb251d1a2ee1cfb45d0228789)] -> css selector: input[name='search']]
10:10:46.568 [main] INFO  com.qa.opencart.pages.MyAccountPage - type product in search field
10:10:48.842 [main] INFO  com.qa.opencart.pages.MyAccountPage - click on search torch icon
10:10:51.942 [main] INFO  com.qa.opencart.testcases.ProductDetailsPageTest - Verify the results page title
10:10:51.967 [main] INFO  com.qa.opencart.pages.ResultsPage - selecting the desired product :Samsung SyncMaster 941BW
10:11:02.602 [main] INFO  com.qa.opencart.pages.ResultsPage - click on myaccountMenu link
10:11:04.738 [main] INFO  com.qa.opencart.pages.ResultsPage - click on myaccount option link
10:11:07.510 [main] INFO  com.qa.opencart.testcases.ProductDetailsPageTest - TC01_Perform the product search Test
10:11:07.511 [main] INFO  com.qa.opencart.pages.MyAccountPage - searching for the product :MacBook
10:11:07.578 [main] INFO  com.qa.opencart.utilities.WebDriverUtils - Element is displayed::[[ChromeDriver: chrome on windows (48b0141bb251d1a2ee1cfb45d0228789)] -> css selector: input[name='search']]
10:11:07.579 [main] INFO  com.qa.opencart.pages.MyAccountPage - type product in search field
10:11:09.782 [main] INFO  com.qa.opencart.pages.MyAccountPage - click on search torch icon
10:11:12.821 [main] INFO  com.qa.opencart.testcases.ProductDetailsPageTest - Verify the results page title
10:11:12.838 [main] INFO  com.qa.opencart.pages.ResultsPage - selecting the desired product :MacBook Air
10:11:22.616 [main] INFO  com.qa.opencart.pages.ResultsPage - click on myaccountMenu link
10:11:24.753 [main] INFO  com.qa.opencart.pages.ResultsPage - click on myaccount option link
10:11:27.334 [main] INFO  com.qa.opencart.testcases.ProductDetailsPageTest - TC01_Perform the product search Test
10:11:27.335 [main] INFO  com.qa.opencart.pages.MyAccountPage - searching for the product :iMac
10:11:27.398 [main] INFO  com.qa.opencart.utilities.WebDriverUtils - Element is displayed::[[ChromeDriver: chrome on windows (48b0141bb251d1a2ee1cfb45d0228789)] -> css selector: input[name='search']]
10:11:27.399 [main] INFO  com.qa.opencart.pages.MyAccountPage - type product in search field
10:11:29.636 [main] INFO  com.qa.opencart.pages.MyAccountPage - click on search torch icon
10:11:32.427 [main] INFO  com.qa.opencart.testcases.ProductDetailsPageTest - Verify the results page title
10:11:32.441 [main] INFO  com.qa.opencart.pages.ResultsPage - selecting the desired product :iMac
10:11:42.253 [main] INFO  com.qa.opencart.pages.ResultsPage - click on myaccountMenu link
10:11:44.371 [main] INFO  com.qa.opencart.pages.ResultsPage - click on myaccount option link
10:11:47.004 [main] INFO  com.qa.opencart.testcases.ProductDetailsPageTest - TC01_Perform the product search Test
10:11:47.004 [main] INFO  com.qa.opencart.pages.MyAccountPage - searching for the product :Apple
10:11:47.090 [main] INFO  com.qa.opencart.utilities.WebDriverUtils - Element is displayed::[[ChromeDriver: chrome on windows (48b0141bb251d1a2ee1cfb45d0228789)] -> css selector: input[name='search']]
10:11:47.090 [main] INFO  com.qa.opencart.pages.MyAccountPage - type product in search field
10:11:49.317 [main] INFO  com.qa.opencart.pages.MyAccountPage - click on search torch icon
10:11:52.119 [main] INFO  com.qa.opencart.testcases.ProductDetailsPageTest - Verify the results page title
10:11:52.130 [main] INFO  com.qa.opencart.pages.ResultsPage - selecting the desired product :Apple Cinema 30"
10:12:01.997 [main] INFO  com.qa.opencart.pages.ResultsPage - click on myaccountMenu link
10:12:04.121 [main] INFO  com.qa.opencart.pages.ResultsPage - click on myaccount option link
10:12:06.773 [main] INFO  com.qa.opencart.testcases.ProductDetailsPageTest - TC02_Verify product metadata Test
10:12:06.773 [main] INFO  com.qa.opencart.pages.MyAccountPage - searching for the product :MacBook
10:12:06.864 [main] INFO  com.qa.opencart.utilities.WebDriverUtils - Element is displayed::[[ChromeDriver: chrome on windows (48b0141bb251d1a2ee1cfb45d0228789)] -> css selector: input[name='search']]
10:12:06.864 [main] INFO  com.qa.opencart.pages.MyAccountPage - type product in search field
10:12:09.119 [main] INFO  com.qa.opencart.pages.MyAccountPage - click on search torch icon
10:12:11.722 [main] INFO  com.qa.opencart.testcases.ProductDetailsPageTest - Verify the results page title
10:12:11.748 [main] INFO  com.qa.opencart.pages.ResultsPage - selecting the desired product :MacBook Pro
10:12:21.545 [main] INFO  com.qa.opencart.pages.ProductDetailsPage - Product mete data count is:4
10:12:21.566 [main] INFO  com.qa.opencart.pages.ProductDetailsPage - split the metatext based on :
10:12:21.567 [main] INFO  com.qa.opencart.pages.ProductDetailsPage - fetch meta key and value
10:12:21.567 [main] INFO  com.qa.opencart.pages.ProductDetailsPage - Store meta key and value in the map
10:12:21.574 [main] INFO  com.qa.opencart.pages.ProductDetailsPage - split the metatext based on :
10:12:21.574 [main] INFO  com.qa.opencart.pages.ProductDetailsPage - fetch meta key and value
10:12:21.574 [main] INFO  com.qa.opencart.pages.ProductDetailsPage - Store meta key and value in the map
10:12:21.581 [main] INFO  com.qa.opencart.pages.ProductDetailsPage - split the metatext based on :
10:12:21.581 [main] INFO  com.qa.opencart.pages.ProductDetailsPage - fetch meta key and value
10:12:21.581 [main] INFO  com.qa.opencart.pages.ProductDetailsPage - Store meta key and value in the map
10:12:21.589 [main] INFO  com.qa.opencart.pages.ProductDetailsPage - split the metatext based on :
10:12:21.589 [main] INFO  com.qa.opencart.pages.ProductDetailsPage - fetch meta key and value
10:12:21.589 [main] INFO  com.qa.opencart.pages.ProductDetailsPage - Store meta key and value in the map
10:12:21.599 [main] INFO  com.qa.opencart.pages.ProductDetailsPage - Product meta price count is:2
10:12:21.630 [main] INFO  com.qa.opencart.pages.ProductDetailsPage - Store the price values in the map
10:12:21.630 [main] INFO  com.qa.opencart.pages.ResultsPage - click on myaccountMenu link
10:12:23.733 [main] INFO  com.qa.opencart.pages.ResultsPage - click on myaccount option link
10:12:26.322 [main] INFO  com.qa.opencart.testcases.ProductDetailsPageTest - TC03_Verify logout from MyAccount Test
10:12:26.322 [main] INFO  com.qa.opencart.pages.MyAccountPage - click on my account menu link
10:12:28.530 [main] INFO  com.qa.opencart.utilities.WebDriverUtils - Element is displayed::[[ChromeDriver: chrome on windows (48b0141bb251d1a2ee1cfb45d0228789)] -> link text: Logout]
10:12:28.530 [main] INFO  com.qa.opencart.pages.MyAccountPage - click on Logout link
10:12:31.456 [main] INFO  com.qa.opencart.testcases.ProductDetailsPageTest - Verify the my account page title
10:12:31.474 [main] INFO  com.qa.opencart.utilities.WebDriverUtils - Title of the page is :: Account Logout
10:12:31.474 [main] INFO  com.qa.opencart.pages.LogoutPage - click on NewCustomerContinueBtn
10:12:34.195 [main] INFO  com.qa.opencart.utilities.WebDriverUtils - Title of the page is :: Your Store
